Start auto log messages stack - Iteration 1.	[MsgId: MMSG-10545]
Starting action Action.	[MsgId: MMSG-15919]
Action.c(6): web_reg_find started  	[MsgId: MMSG-26355]
Action.c(6): Error -27139: Specify non-empty value(s) for EITHER just "Text" OR both "TextPfx" and "TextSfx"  	[MsgId: MERR-27139]
End auto log messages stack.	[MsgId: MMSG-10544]


Start auto log messages stack - Iteration 6.	[MsgId: MMSG-10545]
Starting action Action.	[MsgId: MMSG-15919]
Action.c(6): web_reg_find started  	[MsgId: MMSG-26355]
Action.c(6): Error -27139: Specify non-empty value(s) for EITHER just "Text" OR both "TextPfx" and "TextSfx"  	[MsgId: MERR-27139]
End auto log messages stack.	[MsgId: MMSG-10544]


Start auto log messages stack - Iteration 8.	[MsgId: MMSG-10545]
Starting action Action.	[MsgId: MMSG-15919]
Action.c(6): web_reg_find started  	[MsgId: MMSG-26355]
Action.c(6): Error -27139: Specify non-empty value(s) for EITHER just "Text" OR both "TextPfx" and "TextSfx"  	[MsgId: MERR-27139]
End auto log messages stack.	[MsgId: MMSG-10544]


Start auto log messages stack - Iteration 9.	[MsgId: MMSG-10545]
Starting action Action.	[MsgId: MMSG-15919]
Action.c(6): web_reg_find started  	[MsgId: MMSG-26355]
Action.c(6): Error -27139: Specify non-empty value(s) for EITHER just "Text" OR both "TextPfx" and "TextSfx"  	[MsgId: MERR-27139]
End auto log messages stack.	[MsgId: MMSG-10544]


Start auto log messages stack - Iteration 10.	[MsgId: MMSG-10545]
Starting action Action.	[MsgId: MMSG-15919]
Action.c(6): web_reg_find started  	[MsgId: MMSG-26355]
Action.c(6): Error -27139: Specify non-empty value(s) for EITHER just "Text" OR both "TextPfx" and "TextSfx"  	[MsgId: MERR-27139]
End auto log messages stack.	[MsgId: MMSG-10544]


Start auto log messages stack - Iteration 15.	[MsgId: MMSG-10545]
Starting action Action.	[MsgId: MMSG-15919]
Action.c(6): web_reg_find started  	[MsgId: MMSG-26355]
Action.c(6): Error -27139: Specify non-empty value(s) for EITHER just "Text" OR both "TextPfx" and "TextSfx"  	[MsgId: MERR-27139]
End auto log messages stack.	[MsgId: MMSG-10544]


Start auto log messages stack - Iteration 12.	[MsgId: MMSG-10545]
Starting action Action.	[MsgId: MMSG-15919]
Action.c(6): web_reg_find started  	[MsgId: MMSG-26355]
Action.c(6): Error -27139: Specify non-empty value(s) for EITHER just "Text" OR both "TextPfx" and "TextSfx"  	[MsgId: MERR-27139]
End auto log messages stack.	[MsgId: MMSG-10544]


Start auto log messages stack - Iteration 35.	[MsgId: MMSG-10545]
Starting action Action.	[MsgId: MMSG-15919]
Action.c(6): web_reg_find started  	[MsgId: MMSG-26355]
Action.c(6): Error -27139: Specify non-empty value(s) for EITHER just "Text" OR both "TextPfx" and "TextSfx"  	[MsgId: MERR-27139]
End auto log messages stack.	[MsgId: MMSG-10544]


Start auto log messages stack - Iteration 39.	[MsgId: MMSG-10545]
Starting action Action.	[MsgId: MMSG-15919]
Action.c(6): web_reg_find started  	[MsgId: MMSG-26355]
Action.c(6): Error -27139: Specify non-empty value(s) for EITHER just "Text" OR both "TextPfx" and "TextSfx"  	[MsgId: MERR-27139]
End auto log messages stack.	[MsgId: MMSG-10544]


Start auto log messages stack - Iteration 23.	[MsgId: MMSG-10545]
Starting action Action.	[MsgId: MMSG-15919]
Action.c(6): web_reg_find started  	[MsgId: MMSG-26355]
Action.c(6): Error -27139: Specify non-empty value(s) for EITHER just "Text" OR both "TextPfx" and "TextSfx"  	[MsgId: MERR-27139]
End auto log messages stack.	[MsgId: MMSG-10544]


Start auto log messages stack - Iteration 39.	[MsgId: MMSG-10545]
Starting action Action.	[MsgId: MMSG-15919]
Action.c(6): web_reg_find started  	[MsgId: MMSG-26355]
Action.c(6): Error -27139: Specify non-empty value(s) for EITHER just "Text" OR both "TextPfx" and "TextSfx"  	[MsgId: MERR-27139]
End auto log messages stack.	[MsgId: MMSG-10544]


Start auto log messages stack - Iteration 34.	[MsgId: MMSG-10545]
Starting action Action.	[MsgId: MMSG-15919]
Action.c(6): web_reg_find started  	[MsgId: MMSG-26355]
Action.c(6): Error -27139: Specify non-empty value(s) for EITHER just "Text" OR both "TextPfx" and "TextSfx"  	[MsgId: MERR-27139]
End auto log messages stack.	[MsgId: MMSG-10544]


Start auto log messages stack - Iteration 44.	[MsgId: MMSG-10545]
Starting action Action.	[MsgId: MMSG-15919]
Action.c(6): web_reg_find started  	[MsgId: MMSG-26355]
Action.c(6): Error -27139: Specify non-empty value(s) for EITHER just "Text" OR both "TextPfx" and "TextSfx"  	[MsgId: MERR-27139]
End auto log messages stack.	[MsgId: MMSG-10544]


Start auto log messages stack - Iteration 51.	[MsgId: MMSG-10545]
Starting action Action.	[MsgId: MMSG-15919]
Action.c(6): web_reg_find started  	[MsgId: MMSG-26355]
Action.c(6): Error -27139: Specify non-empty value(s) for EITHER just "Text" OR both "TextPfx" and "TextSfx"  	[MsgId: MERR-27139]
End auto log messages stack.	[MsgId: MMSG-10544]


Start auto log messages stack - Iteration 57.	[MsgId: MMSG-10545]
Starting action Action.	[MsgId: MMSG-15919]
Action.c(6): web_reg_find started  	[MsgId: MMSG-26355]
Action.c(6): Error -27139: Specify non-empty value(s) for EITHER just "Text" OR both "TextPfx" and "TextSfx"  	[MsgId: MERR-27139]
End auto log messages stack.	[MsgId: MMSG-10544]


Start auto log messages stack - Iteration 72.	[MsgId: MMSG-10545]
Starting action Action.	[MsgId: MMSG-15919]
Action.c(6): web_reg_find started  	[MsgId: MMSG-26355]
Action.c(6): Error -27139: Specify non-empty value(s) for EITHER just "Text" OR both "TextPfx" and "TextSfx"  	[MsgId: MERR-27139]
End auto log messages stack.	[MsgId: MMSG-10544]


Start auto log messages stack - Iteration 91.	[MsgId: MMSG-10545]
Starting action Action.	[MsgId: MMSG-15919]
Action.c(6): web_reg_find started  	[MsgId: MMSG-26355]
Action.c(6): Error -27139: Specify non-empty value(s) for EITHER just "Text" OR both "TextPfx" and "TextSfx"  	[MsgId: MERR-27139]
End auto log messages stack.	[MsgId: MMSG-10544]


Start auto log messages stack - Iteration 74.	[MsgId: MMSG-10545]
Starting action Action.	[MsgId: MMSG-15919]
Action.c(6): web_reg_find started  	[MsgId: MMSG-26355]
Action.c(6): Error -27139: Specify non-empty value(s) for EITHER just "Text" OR both "TextPfx" and "TextSfx"  	[MsgId: MERR-27139]
End auto log messages stack.	[MsgId: MMSG-10544]


